c:\users\abhav\desktop\dx coursework\engine\bin\desktop_2015\x64\debug\football.pch
c:\users\abhav\desktop\dx coursework\engine\bin\desktop_2015\x64\debug\vc141.pdb
c:\users\abhav\desktop\dx coursework\engine\bin\desktop_2015\x64\debug\vc141.idb
c:\users\abhav\desktop\dx coursework\engine\bin\desktop_2015\x64\debug\pch.obj
c:\users\abhav\desktop\dx coursework\engine\bin\desktop_2015\x64\debug\shader.obj
c:\users\abhav\desktop\dx coursework\engine\bin\desktop_2015\x64\debug\modelclass.obj
c:\users\abhav\desktop\dx coursework\engine\bin\desktop_2015\x64\debug\main.obj
c:\users\abhav\desktop\dx coursework\engine\bin\desktop_2015\x64\debug\light.obj
c:\users\abhav\desktop\dx coursework\engine\bin\desktop_2015\x64\debug\input.obj
c:\users\abhav\desktop\dx coursework\engine\bin\desktop_2015\x64\debug\game.obj
c:\users\abhav\desktop\dx coursework\engine\bin\desktop_2015\x64\debug\deviceresources.obj
c:\users\abhav\desktop\dx coursework\engine\bin\desktop_2015\x64\debug\camera.obj
c:\users\abhav\desktop\dx coursework\engine\bin\desktop_2015\x64\debug\football.lib
c:\users\abhav\desktop\dx coursework\engine\bin\desktop_2015\x64\debug\football.exp
c:\users\abhav\desktop\dx coursework\engine\colour_ps.cso
c:\users\abhav\desktop\dx coursework\engine\colour_vs.cso
c:\users\abhav\desktop\dx coursework\engine\light_ps.cso
c:\users\abhav\desktop\dx coursework\engine\light_vs.cso
c:\users\abhav\desktop\dx coursework\engine\bin\desktop_2015\x64\debug\football.ilk
c:\users\abhav\desktop\dx coursework\engine\bin\desktop_2015\x64\debug\football.exe
c:\users\abhav\desktop\dx coursework\engine\bin\desktop_2015\x64\debug\football.pdb
c:\users\abhav\desktop\dx coursework\engine\bin\desktop_2015\x64\debug\resource.res
c:\users\abhav\desktop\dx coursework\engine\bin\desktop_2015\x64\debug\football.exe.embed.manifest.res
c:\users\abhav\desktop\dx coursework\engine\bin\desktop_2015\x64\debug\football.exe.embed.manifest
c:\users\abhav\desktop\dx coursework\engine\bin\desktop_2015\x64\debug\football_manifest.rc
c:\users\abhav\desktop\dx coursework\engine\bin\desktop_2015\x64\debug\football.tlog\cl.command.1.tlog
c:\users\abhav\desktop\dx coursework\engine\bin\desktop_2015\x64\debug\football.tlog\cl.read.1.tlog
c:\users\abhav\desktop\dx coursework\engine\bin\desktop_2015\x64\debug\football.tlog\cl.write.1.tlog
c:\users\abhav\desktop\dx coursework\engine\bin\desktop_2015\x64\debug\football.tlog\football.write.1u.tlog
c:\users\abhav\desktop\dx coursework\engine\bin\desktop_2015\x64\debug\football.tlog\fxc.command.1.tlog
c:\users\abhav\desktop\dx coursework\engine\bin\desktop_2015\x64\debug\football.tlog\fxc.read.1.tlog
c:\users\abhav\desktop\dx coursework\engine\bin\desktop_2015\x64\debug\football.tlog\fxc.write.1.tlog
c:\users\abhav\desktop\dx coursework\engine\bin\desktop_2015\x64\debug\football.tlog\link.command.1.tlog
c:\users\abhav\desktop\dx coursework\engine\bin\desktop_2015\x64\debug\football.tlog\link.read.1.tlog
c:\users\abhav\desktop\dx coursework\engine\bin\desktop_2015\x64\debug\football.tlog\link.write.1.tlog
c:\users\abhav\desktop\dx coursework\engine\bin\desktop_2015\x64\debug\football.tlog\rc.command.1.tlog
c:\users\abhav\desktop\dx coursework\engine\bin\desktop_2015\x64\debug\football.tlog\rc.read.1.tlog
c:\users\abhav\desktop\dx coursework\engine\bin\desktop_2015\x64\debug\football.tlog\rc.write.1.tlog
